# #!/bin/bash
# 
# #SBATCH --partition=256GBv1 		# partition name
# #SBATCH --time=1-00:00 		# hours:minutes runlimit after which job will be killed
# #SBATCH --nodes=1
# #SBATCH --job-name 22.1-bowtie2-align-single-end		# Job name
# #SBATCH -o ./log/20230403/22.1-bowtie2-align-single-end-%j.out			# File to which standard out will be written
# #SBATCH -e ./log/20230403/22.1-bowtie2-align-single-end-%j.err 		# File to which standard err will be written
# cat ./src/22.1-bowtie2-align-single-end.run | perl -ne ' print "# ".$_ ' - >>/dev/stderr
# printf "\n############################ END OF SOURCE SCRIPT #######################\n\n" >&2
# 
# source /home2/s414024/.bashrc
# 
# PROJECT_PATH="/project/greencenter/Toprak_lab/shared/TolC-Mutagenesis"
# EXP_ID="20230403"
# 
# conda activate toprak-ngs
# 
# DIRECTORY="$PROJECT_PATH/data/$EXP_ID/illumina"
# INDEX="$PROJECT_PATH/data/reference/bowtie2-index/TolC-oxb14-amplicon"
# OUTPUT_FOLDER="$PROJECT_PATH/data/$EXP_ID/alignment/bowtie2-single"
# mkdir -p $OUTPUT_FOLDER
# 
# for SAMPLE_PATH in $DIRECTORY/*S127_R1_001.fastq.gz; do
#     SAMPLE=${SAMPLE_PATH##*/}
#     SAMPLE=${SAMPLE%_R1_001.fastq.gz}
#     FWD="$DIRECTORY/${SAMPLE}_R1_001.fastq.gz"
#     REV="$DIRECTORY/${SAMPLE}_R2_001.fastq.gz"
#     
#     bowtie2 -x $INDEX   \
#     -p 56               \
#     -1 $FWD             \
#     -2 $REV             \
#     --very-sensitive-local   \
#     --no-unal           \
#     --ma 2              \
#     --rfg 1000,1000     \
#     | samtools view -bS - | samtools sort -o $OUTPUT_FOLDER/$SAMPLE.bam -
# 
#     samtools index $OUTPUT_FOLDER/$SAMPLE.bam
#     echo "$SAMPLE is aligned." >>/dev/stderr
# done
############################ END OF SOURCE SCRIPT #######################

7875432 reads; of these:
  7875432 (100.00%) were paired; of these:
    314960 (4.00%) aligned concordantly 0 times
    7550384 (95.87%) aligned concordantly exactly 1 time
    10088 (0.13%) aligned concordantly >1 times
    ----
    314960 pairs aligned concordantly 0 times; of these:
      282253 (89.62%) aligned discordantly 1 time
    ----
    32707 pairs aligned 0 times concordantly or discordantly; of these:
      65414 mates make up the pairs; of these:
        39942 (61.06%) aligned 0 times
        25082 (38.34%) aligned exactly 1 time
        390 (0.60%) aligned >1 times
99.75% overall alignment rate
[bam_sort_core] merging from 7 files and 1 in-memory blocks...
SML1_CBC10_S127 is aligned.
